<?xml version="1.0" encoding="UTF-8"?>
<!-- Generated by org.testng.reporters.JUnitReportReporter -->
<testsuite hostname="kazeem" failures="0" tests="3" name="Testcase.Login" time="16.472" errors="0" timestamp="2023-07-13T00:29:14 BST" skipped="0">
  <testcase classname="Testcase.Login" name="VerifyLoginwithinvalidDetails" time="7.329"/>
  <system-out/>
  <testcase classname="Testcase.Login" name="verifyloginWithValiddetails" time="4.508"/>
  <system-out/>
  <testcase classname="Testcase.Login" name="verifyforgetpasscode" time="4.635"/>
  <system-out/>
</testsuite> <!-- Testcase.Login -->
