<?xml version="1.0" encoding="UTF-8"?>
<!-- Generated by org.testng.reporters.JUnitReportReporter -->
<testsuite hostname="kazeem" failures="0" tests="2" name="Testcase.payment" time="36.700" errors="0" timestamp="2023-07-13T00:29:14 BST" skipped="0">
  <testcase classname="Testcase.payment" name="verifyuserpaymentWithBank" time="13.323"/>
  <system-out/>
  <testcase classname="Testcase.payment" name="VerifyUserPaymentWithCard" time="23.377"/>
  <system-out/>
</testsuite> <!-- Testcase.payment -->
