<?xml version="1.0" encoding="UTF-8"?>
<!-- Generated by org.testng.reporters.JUnitReportReporter -->
<testsuite hostname="kazeem" failures="0" tests="4" name="Testcase.Settings" time="70.447" errors="0" timestamp="2023-07-13T00:29:14 BST" skipped="0">
  <testcase classname="Testcase.Settings" name="VerifyuserSetting" time="15.131"/>
  <system-out/>
  <testcase classname="Testcase.Settings" name="VerifyUserCanEditMyAccountFunction" time="16.518"/>
  <system-out/>
  <testcase classname="Testcase.Settings" name="VerifyUsercanGetInTouch" time="15.025"/>
  <system-out/>
  <testcase classname="Testcase.Settings" name="VerifyUserCanEditNOKFunction" time="23.773"/>
  <system-out/>
</testsuite> <!-- Testcase.Settings -->
