<?xml version="1.0" encoding="UTF-8"?>
<!-- Generated by org.testng.reporters.JUnitReportReporter -->
<testsuite hostname="kazeem" failures="0" tests="1" name="Testcase.transaction" time="12.626" errors="0" timestamp="2023-07-13T00:29:14 BST" skipped="0">
  <testcase classname="Testcase.transaction" name="verifyusercanviewtransactions" time="12.626"/>
  <system-out/>
</testsuite> <!-- Testcase.transaction -->
